KDB+ 4.0 Cloud Edition 2022.01.31 Copyright (C) 1993-2022 Kx Systems
l64/ 16(24)core 63413MB kx ip-172-31-42-181.eu-west-1.compute.internal 172.31.42.181 EXPIRE 2023.03.08 sstantoncook@kx.com KOD KXCE #5007960

"Handle to publish is: 9"
"Handle to publish is: 9"
"Bitmex handle is: -10"
"Bitmex handle is: -10"
q)'type
'type
q)q)q)q)KDB+ 4.0 Cloud Edition 2022.01.31 Copyright (C) 1993-2022 Kx Systems
l64/ 16(24)core 63413MB kx ip-172-31-42-181.eu-west-1.compute.internal 172.31.42.181 EXPIRE 2023.03.08 sstantoncook@kx.com KOD KXCE #5007960

"Handle to publish is: 9"
"Handle to publish is: 9"
"Bitmex handle is: -10"
"Bitmex handle is: -10"
q)'type
'type
'type
'type
"Handle to publish is: 9"
"Handle to publish is: 9"
"Bitmex handle is: -10"
"Bitmex handle is: -10"
"Handle to publish is: 9"
"Handle to publish is: 9"
"Bitmex handle is: -10"
"Bitmex handle is: -10"
'2022.04.14T06:06:46.570 type
'2022.04.14T06:06:46.570 type
/home/kx/.local/bin/q: line 2: 92580 Killed                  rlwrap $QHOME/l64/q $@
"Handle to publish is: 9"
"Handle to publish is: 9"
"Bitmex handle is: -10"
"Bitmex handle is: -10"
'2022.04.14T06:09:37.826 type
'2022.04.14T06:09:37.826 type
/home/kx/.local/bin/q: line 2: 95815 Killed                  rlwrap $QHOME/l64/q $@
"Handle to publish is: 9"
"Handle to publish is: 9"
"Bitmex handle is: -10"
"Bitmex handle is: -10"
'2022.04.14T06:17:35.409 type
'2022.04.14T06:17:35.409 type
/home/kx/.local/bin/q: line 2: 99126 Killed                  rlwrap $QHOME/l64/q $@
"Handle to publish is: 9"
"Handle to publish is: 9"
"Bitmex handle is: -10"
"Bitmex handle is: -10"
'2022.04.14T06:23:17.759 type
'2022.04.14T06:23:17.759 type
/home/kx/.local/bin/q: line 2: 102392 Killed                  rlwrap $QHOME/l64/q $@
"Handle to publish is: 9"
"Handle to publish is: 9"
"Bitmex handle is: -10"
"Bitmex handle is: -10"
'2022.04.14T06:26:28.365 type
'2022.04.14T06:26:28.365 type
/home/kx/.local/bin/q: line 2: 105559 Killed                  rlwrap $QHOME/l64/q $@
"Handle to publish is: 9"
"Handle to publish is: 9"
"Bitmex handle is: -10"
"Bitmex handle is: -10"
'2022.04.14T06:30:12.615 type
'2022.04.14T06:30:12.616 type
/home/kx/.local/bin/q: line 2: 108871 Killed                  rlwrap $QHOME/l64/q $@
"Handle to publish is: 9"
"Handle to publish is: 9"
"Bitmex handle is: -10"
"Bitmex handle is: -10"
'2022.04.14T06:44:50.110 type
'2022.04.14T06:44:50.110 type
/home/kx/.local/bin/q: line 2: 112493 Killed                  rlwrap $QHOME/l64/q $@
"Handle to publish is: 9"
"Handle to publish is: 9"
"Bitmex handle is: -10"
"Bitmex handle is: -10"
'2022.04.14T06:49:37.924 type
'2022.04.14T06:49:37.924 type
/home/kx/.local/bin/q: line 2: 115726 Killed                  rlwrap $QHOME/l64/q $@
"Handle to publish is: 9"
"Handle to publish is: 9"
"Bitmex handle is: -10"
"Bitmex handle is: -10"
'2022.04.14T07:03:49.587 type
'2022.04.14T07:03:49.587 type
/home/kx/.local/bin/q: line 2: 119265 Killed                  rlwrap $QHOME/l64/q $@
"Handle to publish is: 9"
"Handle to publish is: 9"
"Bitmex handle is: -10"
"Bitmex handle is: -10"
'2022.04.14T07:09:38.437 type
'2022.04.14T07:09:38.437 type
/home/kx/.local/bin/q: line 2: 122436 Killed                  rlwrap $QHOME/l64/q $@
"Handle to publish is: 9"
"Handle to publish is: 9"
"Bitmex handle is: -10"
"Bitmex handle is: -10"
'2022.04.14T07:18:18.342 type
'2022.04.14T07:18:18.342 type
/home/kx/.local/bin/q: line 2: 125755 Killed                  rlwrap $QHOME/l64/q $@
"Handle to publish is: 9"
"Handle to publish is: 9"
"Bitmex handle is: -10"
"Bitmex handle is: -10"
'2022.04.14T07:22:21.043 type
'2022.04.14T07:22:21.043 type
/home/kx/.local/bin/q: line 2: 128906 Killed                  rlwrap $QHOME/l64/q $@
"Handle to publish is: 9"
"Handle to publish is: 9"
"Bitmex handle is: -10"
"Bitmex handle is: -10"
'2022.04.14T07:25:42.513 type
'2022.04.14T07:25:42.513 type
/home/kx/.local/bin/q: line 2: 132072 Killed                  rlwrap $QHOME/l64/q $@
"Handle to publish is: 9"
"Handle to publish is: 9"
"Bitmex handle is: -10"
"Bitmex handle is: -10"
'2022.04.21T01:13:47.303 type
'2022.04.21T01:13:47.303 type
"Handle to publish is: 10"
"Handle to publish is: 10"
"Bitmex handle is: -11"
"Bitmex handle is: -11"
'2022.04.21T03:52:40.635 type
'2022.04.21T03:52:40.635 type
/home/kx/.local/bin/q: line 2: 282655 Killed                  rlwrap $QHOME/l64/q $@
"Handle to publish is: 9"
"Handle to publish is: 9"
"Bitmex handle is: -10"
"Bitmex handle is: -10"
'2022.04.21T03:58:42.233 type
'2022.04.21T03:58:42.233 type
/home/kx/.local/bin/q: line 2: 284631 Killed                  rlwrap $QHOME/l64/q $@
"Handle to publish is: 9"
"Handle to publish is: 9"
"Bitmex handle is: -10"
"Bitmex handle is: -10"
'2022.04.21T04:13:27.361 type
'2022.04.21T04:13:27.361 type
/home/kx/.local/bin/q: line 2: 287062 Killed                  rlwrap $QHOME/l64/q $@
"Handle to publish is: 9"
"Handle to publish is: 9"
"Bitmex handle is: -10"
"Bitmex handle is: -10"
'2022.04.21T04:43:31.582 type
'2022.04.21T04:43:31.582 type
/home/kx/.local/bin/q: line 2: 290292 Killed                  rlwrap $QHOME/l64/q $@
"Handle to publish is: 9"
"Handle to publish is: 9"
"Bitmex handle is: -10"
"Bitmex handle is: -10"
'2022.04.21T04:56:39.086 type
'2022.04.21T04:56:39.086 type
/home/kx/.local/bin/q: line 2: 293524 Killed                  rlwrap $QHOME/l64/q $@
"Handle to publish is: 9"
"Handle to publish is: 9"
"Bitmex handle is: -10"
"Bitmex handle is: -10"
'2022.04.21T05:01:04.464 type
'2022.04.21T05:01:04.464 type
/home/kx/.local/bin/q: line 2: 296214 Killed                  rlwrap $QHOME/l64/q $@
"Handle to publish is: 9"
"Handle to publish is: 9"
"Bitmex handle is: -10"
"Bitmex handle is: -10"
'2022.04.21T05:21:51.400 type
'2022.04.21T05:21:51.400 type
/home/kx/.local/bin/q: line 2: 299354 Killed                  rlwrap $QHOME/l64/q $@
"Handle to publish is: 9"
"Handle to publish is: 9"
"Bitmex handle is: -10"
"Bitmex handle is: -10"
'2022.04.21T05:23:17.280 type
'2022.04.21T05:23:17.281 type
/home/kx/.local/bin/q: line 2: 301936 Killed                  rlwrap $QHOME/l64/q $@
"Handle to publish is: 9"
"Handle to publish is: 9"
"Bitmex handle is: -10"
"Bitmex handle is: -10"
'2022.04.21T05:31:57.676 type
'2022.04.21T05:31:57.676 type
/home/kx/.local/bin/q: line 2: 304777 Killed                  rlwrap $QHOME/l64/q $@
"Handle to publish is: 9"
"Handle to publish is: 9"
"Bitmex handle is: -10"
"Bitmex handle is: -10"
'2022.04.21T05:33:56.166 type
'2022.04.21T05:33:56.166 type
/home/kx/.local/bin/q: line 2: 307360 Killed                  rlwrap $QHOME/l64/q $@
"Handle to publish is: 9"
"Handle to publish is: 9"
"Bitmex handle is: -10"
"Bitmex handle is: -10"
'2022.04.21T05:34:43.651 type
'2022.04.21T05:34:43.651 type
/home/kx/.local/bin/q: line 2: 309897 Killed                  rlwrap $QHOME/l64/q $@
"Handle to publish is: 9"
"Handle to publish is: 9"
"Bitmex handle is: -10"
"Bitmex handle is: -10"
'2022.04.21T05:40:41.284 type
'2022.04.21T05:40:41.284 type
/home/kx/.local/bin/q: line 2: 312817 Killed                  rlwrap $QHOME/l64/q $@
"Handle to publish is: 9"
"Handle to publish is: 9"
"Bitmex handle is: -10"
"Bitmex handle is: -10"
'2022.04.21T05:41:42.961 type
'2022.04.21T05:41:42.961 type
/home/kx/.local/bin/q: line 2: 315367 Killed                  rlwrap $QHOME/l64/q $@
"Handle to publish is: 9"
"Handle to publish is: 9"
"Bitmex handle is: -10"
"Bitmex handle is: -10"
'2022.04.21T05:42:56.130 type
'2022.04.21T05:42:56.131 type
/home/kx/.local/bin/q: line 2: 317907 Killed                  rlwrap $QHOME/l64/q $@
"Handle to publish is: 9"
"Handle to publish is: 9"
"Bitmex handle is: -10"
"Bitmex handle is: -10"
'2022.04.21T05:55:09.300 type
'2022.04.21T05:55:09.300 type
/home/kx/.local/bin/q: line 2: 320813 Killed                  rlwrap $QHOME/l64/q $@
"Handle to publish is: 9"
"Handle to publish is: 9"
"Bitmex handle is: -10"
"Bitmex handle is: -10"
'2022.04.21T06:03:07.506 type
'2022.04.21T06:03:07.506 type
/home/kx/.local/bin/q: line 2: 323523 Killed                  rlwrap $QHOME/l64/q $@
"Handle to publish is: 9"
"Handle to publish is: 9"
"Bitmex handle is: -10"
"Bitmex handle is: -10"
'2022.04.21T06:04:22.550 type
'2022.04.21T06:04:22.550 type
/home/kx/.local/bin/q: line 2: 326054 Killed                  rlwrap $QHOME/l64/q $@
"Handle to publish is: 9"
"Handle to publish is: 9"
"Bitmex handle is: -10"
"Bitmex handle is: -10"
'2022.04.21T06:06:14.011 type
'2022.04.21T06:06:14.011 type
/home/kx/.local/bin/q: line 2: 328630 Killed                  rlwrap $QHOME/l64/q $@
"Handle to publish is: 9"
"Handle to publish is: 9"
"Bitmex handle is: -10"
"Bitmex handle is: -10"
'2022.04.21T06:09:23.455 type
'2022.04.21T06:09:23.455 type
/home/kx/.local/bin/q: line 2: 331257 Killed                  rlwrap $QHOME/l64/q $@
"Handle to publish is: 9"
"Handle to publish is: 9"
"Bitmex handle is: -10"
"Bitmex handle is: -10"
'2022.04.21T06:21:03.984 type
'2022.04.21T06:21:03.985 type
/home/kx/.local/bin/q: line 2: 334053 Killed                  rlwrap $QHOME/l64/q $@
"Handle to publish is: 9"
"Handle to publish is: 9"
"Bitmex handle is: -10"
"Bitmex handle is: -10"
'2022.04.21T06:23:51.756 type
'2022.04.21T06:23:51.756 type
/home/kx/.local/bin/q: line 2: 336615 Killed                  rlwrap $QHOME/l64/q $@
"Handle to publish is: 9"
"Handle to publish is: 9"
"Bitmex handle is: -10"
"Bitmex handle is: -10"
'2022.04.21T06:26:22.006 type
'2022.04.21T06:26:22.006 type
/home/kx/.local/bin/q: line 2: 339266 Killed                  rlwrap $QHOME/l64/q $@
"Handle to publish is: 9"
"Handle to publish is: 9"
"Bitmex handle is: -10"
"Bitmex handle is: -10"
'2022.04.21T07:36:07.257 type
'2022.04.21T07:36:07.257 type
/home/kx/.local/bin/q: line 2: 342477 Killed                  rlwrap $QHOME/l64/q $@
"Handle to publish is: 9"
"Handle to publish is: 9"
"Bitmex handle is: -10"
"Bitmex handle is: -10"
'2022.04.21T07:39:12.239 type
'2022.04.21T07:39:12.239 type
/home/kx/.local/bin/q: line 2: 345076 Killed                  rlwrap $QHOME/l64/q $@
"Handle to publish is: 9"
"Handle to publish is: 9"
"Bitmex handle is: -10"
"Bitmex handle is: -10"
'2022.04.21T07:44:55.090 type
'2022.04.21T07:44:55.090 type
/home/kx/.local/bin/q: line 2: 347767 Killed                  rlwrap $QHOME/l64/q $@
"Handle to publish is: 9"
"Handle to publish is: 9"
"Bitmex handle is: -10"
"Bitmex handle is: -10"
'2022.04.21T08:32:51.084 type
'2022.04.21T08:32:51.085 type
/home/kx/.local/bin/q: line 2: 351466 Killed                  rlwrap $QHOME/l64/q $@
"Handle to publish is: 9"
"Handle to publish is: 9"
"Bitmex handle is: -10"
"Bitmex handle is: -10"
'2022.04.21T08:36:34.643 type
'2022.04.21T08:36:34.643 type
/home/kx/.local/bin/q: line 2: 354048 Killed                  rlwrap $QHOME/l64/q $@
"Handle to publish is: 9"
"Handle to publish is: 9"
"Bitmex handle is: -10"
"Bitmex handle is: -10"
'2022.04.21T08:45:45.678 type
'2022.04.21T08:45:45.679 type
/home/kx/.local/bin/q: line 2: 356778 Killed                  rlwrap $QHOME/l64/q $@
"Handle to publish is: 9"
"Handle to publish is: 9"
"Bitmex handle is: -10"
"Bitmex handle is: -10"
'2022.04.21T08:50:25.727 type
'2022.04.21T08:50:25.727 type
/home/kx/.local/bin/q: line 2: 359468 Killed                  rlwrap $QHOME/l64/q $@
"Handle to publish is: 9"
"Handle to publish is: 9"
"Bitmex handle is: -10"
"Bitmex handle is: -10"
'2022.04.21T08:56:10.839 type
'2022.04.21T08:56:10.840 type
/home/kx/.local/bin/q: line 2: 362126 Killed                  rlwrap $QHOME/l64/q $@
"Handle to publish is: 9"
"Handle to publish is: 9"
"Bitmex handle is: -10"
"Bitmex handle is: -10"
'2022.04.21T23:47:29.312 type
'2022.04.21T23:47:29.312 type
/home/kx/.local/bin/q: line 2: 382602 Killed                  rlwrap $QHOME/l64/q $@
"Handle to publish is: 9"
"Handle to publish is: 9"
"Bitmex handle is: -10"
"Bitmex handle is: -10"
'2022.04.27T05:05:44.655 type
'2022.04.27T05:05:44.655 type
/home/kx/.local/bin/q: line 2: 536250 Killed                  rlwrap $QHOME/l64/q $@
"Handle to publish is: 9"
"Handle to publish is: 9"
"Bitmex handle is: -10"
"Bitmex handle is: -10"
'2022.04.27T05:21:58.835 type
'2022.04.27T05:21:58.835 type
/home/kx/.local/bin/q: line 2: 539130 Killed                  rlwrap $QHOME/l64/q $@
"Handle to publish is: 9"
"Handle to publish is: 9"
"Bitmex handle is: -10"
"Bitmex handle is: -10"
'2022.04.27T05:31:50.789 type
'2022.04.27T05:31:50.789 type
/home/kx/.local/bin/q: line 2: 542043 Killed                  rlwrap $QHOME/l64/q $@
"Handle to publish is: 9"
"Handle to publish is: 9"
"wss://ws.bitmex.com not connected!.. Reconnecting at 2022.04.27T06:24:52.109"
"wss://ws.bitmex.com connected on -10"
'2022.04.27T06:24:52.148 type
'2022.04.27T06:24:52.148 type
/home/kx/.local/bin/q: line 2: 549698 Killed                  rlwrap $QHOME/l64/q $@
"Handle to publish is: 9"
"Handle to publish is: 9"
"wss://ws.bitmex.com not connected!.. Reconnecting at 2022.04.27T06:40:29.887"
"wss://ws.bitmex.com connected on -10"
'2022.04.27T06:40:29.926 type
'2022.04.27T06:40:29.926 type
/home/kx/.local/bin/q: line 2: 552724 Killed                  rlwrap $QHOME/l64/q $@
"Handle to publish is: 9"
"Handle to publish is: 9"
"wss://ws.bitmex.com not connected!.. Reconnecting at 2022.04.27T06:54:31.927"
"wss://ws.bitmex.com connected on -10"
'2022.04.27T06:54:31.968 type
'2022.04.27T06:54:31.968 type
/home/kx/.local/bin/q: line 2: 555377 Killed                  rlwrap $QHOME/l64/q $@
"Handle to publish is: 9"
"Handle to publish is: 9"
"wss://ws.bitmex.com not connected!.. Reconnecting at 2022.04.27T07:03:32.902"
"wss://ws.bitmex.com connected on -10"
'2022.04.27T07:03:32.941 type
'2022.04.27T07:03:32.942 type
/home/kx/.local/bin/q: line 2: 558340 Killed                  rlwrap $QHOME/l64/q $@
"Handle to publish is: 9"
"Handle to publish is: 9"
"wss://ws.bitmex.com not connected!.. Reconnecting at 2022.04.27T07:06:39.823"
"wss://ws.bitmex.com connected on -10"
'2022.04.27T07:06:39.850 type
'2022.04.27T07:06:39.851 type
/home/kx/.local/bin/q: line 2: 561057 Killed                  rlwrap $QHOME/l64/q $@
"Handle to publish is: 9"
"Handle to publish is: 9"
"wss://ws.bitmex.com not connected!.. Reconnecting at 2022.04.27T07:18:00.640"
"wss://ws.bitmex.com connected on -10"
'2022.04.27T07:18:00.675 type
'2022.04.27T07:18:00.675 type
/home/kx/.local/bin/q: line 2: 564225 Killed                  rlwrap $QHOME/l64/q $@
"Handle to publish is: 9"
"Handle to publish is: 9"
"wss://ws.bitmex.com not connected!.. Reconnecting at 2022.04.27T07:19:20.081"
"wss://ws.bitmex.com connected on -10"
'2022.04.27T07:19:20.136 type
'2022.04.27T07:19:20.137 type
/home/kx/.local/bin/q: line 2: 566763 Killed                  rlwrap $QHOME/l64/q $@
"Handle to publish is: 9"
"Handle to publish is: 9"
"wss://ws.bitmex.com not connected!.. Reconnecting at 2022.04.27T07:34:29.781"
"wss://ws.bitmex.com connected on -10"
'2022.04.27T07:34:29.816 type
'2022.04.27T07:34:29.817 type
/home/kx/.local/bin/q: line 2: 569829 Killed                  rlwrap $QHOME/l64/q $@
"Handle to publish is: 9"
"Handle to publish is: 9"
"wss://ws.bitmex.com not connected!.. Reconnecting at 2022.04.27T07:37:54.828"
"wss://ws.bitmex.com connected on -10"
'2022.04.27T07:37:54.998 type
'2022.04.27T07:37:54.998 type
/home/kx/.local/bin/q: line 2: 572551 Killed                  rlwrap $QHOME/l64/q $@
"Handle to publish is: 9"
"Handle to publish is: 9"
"wss://ws.bitmex.com not connected!.. Reconnecting at 2022.04.27T08:05:10.010"
"wss://ws.bitmex.com connected on -10"
'2022.04.27T08:05:10.063 type
'2022.04.27T08:05:10.063 type
/home/kx/.local/bin/q: line 2: 577909 Killed                  rlwrap $QHOME/l64/q $@
"Handle to publish is: 9"
"Handle to publish is: 9"
"wss://ws.bitmex.com not connected!.. Reconnecting at 2022.04.27T08:13:00.841"
"wss://ws.bitmex.com connected on -10"
'2022.04.27T08:13:00.885 type
'2022.04.27T08:13:00.885 type
/home/kx/.local/bin/q: line 2: 580641 Killed                  rlwrap $QHOME/l64/q $@
"Handle to publish is: 9"
"Handle to publish is: 9"
"wss://ws.bitmex.com not connected!.. Reconnecting at 2022.04.27T08:19:07.377"
"wss://ws.bitmex.com connected on -10"
'2022.04.27T08:19:07.412 type
'2022.04.27T08:19:07.412 type
/home/kx/.local/bin/q: line 2: 583408 Killed                  rlwrap $QHOME/l64/q $@
"Handle to publish is: 9"
"Handle to publish is: 9"
"wss://ws.bitmex.com not connected!.. Reconnecting at 2022.04.27T08:25:58.661"
"wss://ws.bitmex.com connected on -10"
'2022.04.27T08:25:58.702 type
'2022.04.27T08:25:58.702 type
/home/kx/.local/bin/q: line 2: 586813 Killed                  rlwrap $QHOME/l64/q $@
"Handle to publish is: 9"
"Handle to publish is: 9"
"wss://ws.bitmex.com not connected!.. Reconnecting at 2022.04.28T00:01:39.612"
"wss://ws.bitmex.com connected on -10"
'2022.04.28T00:01:39.646 type
'2022.04.28T00:01:39.647 type
/home/kx/.local/bin/q: line 2: 611111 Killed                  rlwrap $QHOME/l64/q $@
"Handle to publish is: 9"
"Handle to publish is: 9"
"wss://ws.bitmex.com not connected!.. Reconnecting at 2022.04.28T00:37:50.108"
"wss://ws.bitmex.com connected on -10"
'2022.04.28T00:37:50.146 type
'2022.04.28T00:37:50.146 type
/home/kx/.local/bin/q: line 2: 614779 Killed                  rlwrap $QHOME/l64/q $@
"Handle to publish is: 9"
"Handle to publish is: 9"
"wss://ws.bitmex.com not connected!.. Reconnecting at 2022.04.28T01:19:41.166"
"wss://ws.bitmex.com connected on -10"
'2022.04.28T01:19:41.238 type
'2022.04.28T01:19:41.238 type
/home/kx/.local/bin/q: line 2: 618360 Killed                  rlwrap $QHOME/l64/q $@
"Handle to publish is: 9"
"Handle to publish is: 9"
"wss://ws.bitmex.com not connected!.. Reconnecting at 2022.04.28T01:23:50.099"
"wss://ws.bitmex.com connected on -10"
'2022.04.28T01:23:50.131 type
'2022.04.28T01:23:50.132 type
/home/kx/.local/bin/q: line 2: 620942 Killed                  rlwrap $QHOME/l64/q $@
"Handle to publish is: 9"
"Handle to publish is: 9"
"wss://ws.bitmex.com not connected!.. Reconnecting at 2022.04.28T02:13:20.201"
"wss://ws.bitmex.com connected on -10"
'2022.04.28T02:13:20.390 type
'2022.04.28T02:13:20.390 type
/home/kx/.local/bin/q: line 2: 624838 Killed                  rlwrap $QHOME/l64/q $@
"Handle to publish is: 9"
"Handle to publish is: 9"
"wss://ws.bitmex.com not connected!.. Reconnecting at 2022.04.28T04:33:31.014"
"wss://ws.bitmex.com connected on -10"
'2022.04.28T04:33:31.045 type
'2022.04.28T04:33:31.046 type
/home/kx/.local/bin/q: line 2: 630643 Killed                  rlwrap $QHOME/l64/q $@
"Handle to publish is: 9"
"Handle to publish is: 9"
"wss://ws.bitmex.com not connected!.. Reconnecting at 2022.04.28T04:39:18.621"
"wss://ws.bitmex.com connected on -10"
'2022.04.28T04:39:18.655 type
'2022.04.28T04:39:18.655 type
/home/kx/.local/bin/q: line 2: 633588 Killed                  rlwrap $QHOME/l64/q $@
"Handle to publish is: 9"
"Handle to publish is: 9"
"wss://ws.bitmex.com not connected!.. Reconnecting at 2022.04.28T04:44:46.933"
"wss://ws.bitmex.com connected on -10"
'2022.04.28T04:44:46.977 type
'2022.04.28T04:44:46.977 type
/home/kx/.local/bin/q: line 2: 636381 Killed                  rlwrap $QHOME/l64/q $@
"Handle to publish is: 9"
"Handle to publish is: 9"
"wss://ws.bitmex.com not connected!.. Reconnecting at 2022.04.28T04:48:18.600"
"wss://ws.bitmex.com connected on -10"
'2022.04.28T04:48:18.633 type
'2022.04.28T04:48:18.633 type
/home/kx/.local/bin/q: line 2: 638985 Killed                  rlwrap $QHOME/l64/q $@
"Handle to publish is: 9"
"Handle to publish is: 9"
"wss://ws.bitmex.com not connected!.. Reconnecting at 2022.04.28T05:26:35.470"
"wss://ws.bitmex.com connected on -10"
'2022.04.28T05:26:35.703 type
'2022.04.28T05:26:35.703 type
/home/kx/.local/bin/q: line 2: 642564 Killed                  rlwrap $QHOME/l64/q $@
"Handle to publish is: 9"
"Handle to publish is: 9"
"wss://ws.bitmex.com not connected!.. Reconnecting at 2022.04.28T05:47:11.669"
"wss://ws.bitmex.com connected on -10"
'2022.04.28T05:47:11.710 type
'2022.04.28T05:47:11.710 type
/home/kx/.local/bin/q: line 2: 645641 Killed                  rlwrap $QHOME/l64/q $@
"Handle to publish is: 9"
"Handle to publish is: 9"
"wss://ws.bitmex.com not connected!.. Reconnecting at 2022.04.28T05:48:59.405"
"wss://ws.bitmex.com connected on -10"
'2022.04.28T05:48:59.487 type
'2022.04.28T05:48:59.487 type
/home/kx/.local/bin/q: line 2: 648204 Killed                  rlwrap $QHOME/l64/q $@
"Handle to publish is: 9"
"Handle to publish is: 9"
"wss://ws.bitmex.com not connected!.. Reconnecting at 2022.04.28T05:51:59.773"
"wss://ws.bitmex.com connected on -10"
'2022.04.28T05:51:59.809 type
'2022.04.28T05:51:59.810 type
/home/kx/.local/bin/q: line 2: 650861 Killed                  rlwrap $QHOME/l64/q $@
"Handle to publish is: 9"
"Handle to publish is: 9"
"wss://ws.bitmex.com not connected!.. Reconnecting at 2022.04.28T05:59:06.085"
"wss://ws.bitmex.com connected on -10"
'2022.04.28T05:59:06.120 type
'2022.04.28T05:59:06.121 type
/home/kx/.local/bin/q: line 2: 653503 Killed                  rlwrap $QHOME/l64/q $@
"Handle to publish is: 9"
"Handle to publish is: 9"
"wss://ws.bitmex.com not connected!.. Reconnecting at 2022.04.28T06:06:21.517"
"wss://ws.bitmex.com connected on -10"
'2022.04.28T06:06:21.558 type
'2022.04.28T06:06:21.558 type
/home/kx/.local/bin/q: line 2: 656251 Killed                  rlwrap $QHOME/l64/q $@
"Handle to publish is: 9"
"Handle to publish is: 9"
"wss://ws.bitmex.com not connected!.. Reconnecting at 2022.04.28T06:23:20.521"
"wss://ws.bitmex.com connected on -10"
'2022.04.28T06:23:20.584 type
'2022.04.28T06:23:20.584 type
/home/kx/.local/bin/q: line 2: 659291 Killed                  rlwrap $QHOME/l64/q $@
"Handle to publish is: 9"
"Handle to publish is: 9"
"wss://ws.bitmex.com not connected!.. Reconnecting at 2022.04.29T03:26:15.627"
"wss://ws.bitmex.com connected on -10"
'2022.04.29T03:26:16.002 type
'2022.04.29T03:26:16.002 type
/home/kx/.local/bin/q: line 2: 700396 Killed                  rlwrap $QHOME/l64/q $@
"Handle to publish is: 9"
"Handle to publish is: 9"
"wss://ws.bitmex.com not connected!.. Reconnecting at 2022.04.29T05:02:59.089"
"wss://ws.bitmex.com connected on -10"
'2022.04.29T05:02:59.124 type
'2022.04.29T05:02:59.124 type
/home/kx/.local/bin/q: line 2: 704144 Killed                  rlwrap $QHOME/l64/q $@
"Handle to publish is: 9"
"Handle to publish is: 9"
"wss://ws.bitmex.com not connected!.. Reconnecting at 2022.04.29T05:26:31.958"
"wss://ws.bitmex.com connected on -10"
'2022.04.29T05:26:31.991 type
'2022.04.29T05:26:31.991 type
/home/kx/.local/bin/q: line 2: 707510 Killed                  rlwrap $QHOME/l64/q $@
"Handle to publish is: 9"
"Handle to publish is: 9"
"wss://ws.bitmex.com not connected!.. Reconnecting at 2022.04.29T05:37:49.266"
"wss://ws.bitmex.com connected on -10"
'2022.04.29T05:37:49.297 type
'2022.04.29T05:37:49.297 type
/home/kx/.local/bin/q: line 2: 710527 Killed                  rlwrap $QHOME/l64/q $@
"Handle to publish is: 9"
"Handle to publish is: 9"
"wss://ws.bitmex.com not connected!.. Reconnecting at 2022.04.29T07:12:02.822"
"wss://ws.bitmex.com connected on -10"
'2022.04.29T07:12:02.866 type
'2022.04.29T07:12:02.866 type
/home/kx/.local/bin/q: line 2: 715408 Killed                  rlwrap $QHOME/l64/q $@
"Handle to publish is: 9"
"Handle to publish is: 9"
"wss://ws.bitmex.com not connected!.. Reconnecting at 2022.05.01T14:15:52.528"
"wss://ws.bitmex.com connected on -10"
'2022.05.01T14:15:52.560 type
'2022.05.01T14:15:52.561 type
/home/kx/.local/bin/q: line 2: 760008 Killed                  rlwrap $QHOME/l64/q $@
"Handle to publish is: 9"
"Handle to publish is: 9"
"wss://ws.bitmex.com not connected!.. Reconnecting at 2022.05.02T01:15:07.869"
"wss://ws.bitmex.com connected on -10"
'2022.05.02T01:15:08.298 type
'2022.05.02T01:15:08.299 type
/home/kx/.local/bin/q: line 2: 773712 Killed                  rlwrap $QHOME/l64/q $@
"Handle to publish is: 9"
"Handle to publish is: 9"
"wss://ws.bitmex.com not connected!.. Reconnecting at 2022.05.02T04:16:46.662"
"wss://ws.bitmex.com connected on -10"
'2022.05.02T04:16:46.700 type
'2022.05.02T04:16:46.701 type
/home/kx/.local/bin/q: line 2: 780405 Killed                  rlwrap $QHOME/l64/q $@
"Handle to publish is: 9"
"Handle to publish is: 9"
"wss://ws.bitmex.com not connected!.. Reconnecting at 2022.05.02T04:24:28.491"
"wss://ws.bitmex.com connected on -10"
'2022.05.02T04:24:28.526 type
'2022.05.02T04:24:28.526 type
/home/kx/.local/bin/q: line 2: 783227 Killed                  rlwrap $QHOME/l64/q $@
"Handle to publish is: 9"
"Handle to publish is: 9"
"wss://ws.bitmex.com not connected!.. Reconnecting at 2022.05.03T01:13:38.919"
"wss://ws.bitmex.com connected on -10"
'2022.05.03T01:13:39.009 type
'2022.05.03T01:13:39.009 type
/home/kx/.local/bin/q: line 2: 813657 Killed                  rlwrap $QHOME/l64/q $@
"Handle to publish is: 9"
"Handle to publish is: 9"
"wss://ws.bitmex.com not connected!.. Reconnecting at 2022.05.03T01:19:14.010"
"wss://ws.bitmex.com connected on -10"
'2022.05.03T01:19:14.041 type
'2022.05.03T01:19:14.041 type
/home/kx/.local/bin/q: line 2: 816337 Killed                  rlwrap $QHOME/l64/q $@
"Handle to publish is: 9"
"Handle to publish is: 9"
"wss://ws.bitmex.com not connected!.. Reconnecting at 2022.05.03T01:30:40.227"
"wss://ws.bitmex.com connected on -10"
'2022.05.03T01:30:40.264 type
'2022.05.03T01:30:40.264 type
/home/kx/.local/bin/q: line 2: 818986 Killed                  rlwrap $QHOME/l64/q $@
"Handle to publish is: 9"
"Handle to publish is: 9"
"wss://ws.bitmex.com not connected!.. Reconnecting at 2022.05.03T04:38:05.409"
"wss://ws.bitmex.com connected on -10"
'2022.05.03T04:38:05.448 type
'2022.05.03T04:38:05.448 type
/home/kx/.local/bin/q: line 2: 826458 Killed                  rlwrap $QHOME/l64/q $@
"Handle to publish is: 9"
"Handle to publish is: 9"
"wss://ws.bitmex.com not connected!.. Reconnecting at 2022.05.04T01:04:20.646"
"wss://ws.bitmex.com connected on -10"
'2022.05.04T01:04:20.685 type
'2022.05.04T01:04:20.685 type
/home/kx/.local/bin/q: line 2: 856966 Killed                  rlwrap $QHOME/l64/q $@
