"Connecting the binance normalised websocket at 2022.05.25T07:43:28.306"
"binance normalised websocket is connected at 2022.05.25T07:43:28.676"
"Connecting the bybit normalised websocket at 2022.05.25T07:43:28.676"
"bybit normalised websocket is connected at 2022.05.25T07:43:29.024"
"Connecting the coinbase normalised websocket at 2022.05.25T07:43:29.024"
"coinbase normalised websocket is connected at 2022.05.25T07:43:29.366"
"Connecting the binance trades websocket at 2022.05.25T07:43:29.367"
"binance trades websocket is connected at 2022.05.25T07:43:29.713"
"Connecting the bybit trades websocket at 2022.05.25T07:43:29.713"
"bybit trades websocket is connected at 2022.05.25T07:43:30.106"
"Connecting the coinbase trades websocket at 2022.05.25T07:43:30.106"
"coinbase trades websocket is connected at 2022.05.25T07:43:30.466"
"Connecting the binance raw websocket at 2022.05.25T07:43:30.466"
"binance raw websocket is connected at 2022.05.25T07:43:30.816"
"Connecting the bybit raw websocket at 2022.05.25T07:43:30.816"
"bybit raw websocket is connected at 2022.05.25T07:43:31.166"
"Connecting the coinbase raw websocket at 2022.05.25T07:43:31.166"
"coinbase raw websocket is connected at 2022.05.25T07:43:31.508"
"Checking the websocket connection status"
"Websocket connections are all secure"
/home/kx/.local/bin/q: line 2: 27662 Killed                  rlwrap $QHOME/l64/q $@
